TN:
SF:app\lib\ThemeContext.jsx
FN:27,ThemeProvider
FN:30,(anonymous_1)
FN:30,(anonymous_2)
FN:40,useTheme
FNF:4
FNH:0
FNDA:0,ThemeProvider
FNDA:0,(anonymous_1)
FNDA:0,(anonymous_2)
FNDA:0,useTheme
DA:4,0
DA:14,0
DA:25,0
DA:28,0
DA:30,0
DA:31,0
DA:33,0
DA:41,0
LF:8
LH:0
BRDA:31,0,0,0
BRDA:31,0,1,0
BRF:2
BRH:0
end_of_record
TN:
SF:app\lib\store.js
FN:11,(anonymous_0)
FN:23,(anonymous_1)
FN:26,(anonymous_2)
FN:27,(anonymous_3)
FN:29,(anonymous_4)
FN:32,(anonymous_5)
FNF:6
FNH:0
FNDA:0,(anonymous_0)
FNDA:0,(anonymous_1)
FNDA:0,(anonymous_2)
FNDA:0,(anonymous_3)
FNDA:0,(anonymous_4)
FNDA:0,(anonymous_5)
DA:4,0
DA:12,0
DA:24,0
DA:27,0
DA:30,0
DA:33,0
DA:39,0
DA:42,0
LF:8
LH:0
BRDA:13,0,0,0
BRDA:13,0,1,0
BRDA:14,1,0,0
BRDA:14,1,1,0
BRDA:15,2,0,0
BRDA:15,2,1,0
BRDA:16,3,0,0
BRDA:16,3,1,0
BRDA:17,4,0,0
BRDA:17,4,1,0
BRDA:18,5,0,0
BRDA:18,5,1,0
BRDA:19,6,0,0
BRDA:19,6,1,0
BRDA:20,7,0,0
BRDA:20,7,1,0
BRDA:24,8,0,0
BRDA:24,8,1,0
BRF:18
BRH:0
end_of_record
TN:
SF:components\FloatingActionButton.jsx
FN:5,(anonymous_0)
FN:15,(anonymous_1)
FN:31,(anonymous_2)
FN:39,(anonymous_3)
FNF:4
FNH:0
FNDA:0,(anonymous_0)
FNDA:0,(anonymous_1)
FNDA:0,(anonymous_2)
FNDA:0,(anonymous_3)
DA:5,0
DA:10,0
DA:11,0
DA:12,0
DA:13,0
DA:15,0
DA:16,0
DA:31,0
DA:32,0
DA:33,0
DA:39,0
DA:40,0
DA:41,0
DA:48,0
DA:49,0
DA:53,0
DA:76,0
LF:17
LH:0
BRDA:7,0,0,0
BRDA:8,1,0,0
BRDA:48,2,0,0
BRDA:48,2,1,0
BRF:4
BRH:0
end_of_record
TN:
SF:components\SearchBar.jsx
FN:5,(anonymous_0)
FN:9,(anonymous_1)
FN:33,(anonymous_2)
FN:34,(anonymous_3)
FN:42,(anonymous_4)
FNF:5
FNH:0
FNDA:0,(anonymous_0)
FNDA:0,(anonymous_1)
FNDA:0,(anonymous_2)
FNDA:0,(anonymous_3)
FNDA:0,(anonymous_4)
DA:5,0
DA:6,0
DA:7,0
DA:9,0
DA:10,0
DA:11,0
DA:12,0
DA:16,0
DA:33,0
DA:34,0
DA:42,0
DA:49,0
LF:12
LH:0
BRDA:5,0,0,0
BRDA:11,1,0,0
BRDA:11,1,1,0
BRDA:19,2,0,0
BRDA:19,2,1,0
BRDA:24,3,0,0
BRDA:24,3,1,0
BRDA:36,4,0,0
BRDA:36,4,1,0
BRF:9
BRH:0
end_of_record
TN:
SF:components\SimpleDrawer.jsx
FN:17,(anonymous_0)
FN:20,(anonymous_1)
FN:22,SimpleDrawer
FN:26,(anonymous_3)
FN:28,(anonymous_4)
FN:43,(anonymous_5)
FN:51,(anonymous_6)
FN:61,(anonymous_7)
FN:69,(anonymous_8)
FN:77,(anonymous_9)
FN:88,(anonymous_10)
FNF:11
FNH:0
FNDA:0,(anonymous_0)
FNDA:0,(anonymous_1)
FNDA:0,SimpleDrawer
FNDA:0,(anonymous_3)
FNDA:0,(anonymous_4)
FNDA:0,(anonymous_5)
FNDA:0,(anonymous_6)
FNDA:0,(anonymous_7)
FNDA:0,(anonymous_8)
FNDA:0,(anonymous_9)
FNDA:0,(anonymous_10)
DA:15,0
DA:20,0
DA:23,0
DA:24,0
DA:26,0
DA:28,0
DA:29,0
DA:35,0
DA:43,0
DA:51,0
DA:62,0
DA:63,0
DA:70,0
DA:71,0
DA:78,0
DA:79,0
DA:89,0
DA:90,0
DA:105,0
DA:106,0
DA:108,0
LF:21
LH:0
BRDA:42,0,0,0
BRDA:42,0,1,0
BRDA:47,1,0,0
BRDA:47,1,1,0
BRF:4
BRH:0
end_of_record
TN:
SF:screens\HomeScreen.jsx
FN:22,(anonymous_0)
FN:31,(anonymous_1)
FN:33,(anonymous_2)
FN:36,hydrateMemories
FN:50,(anonymous_4)
FN:58,(anonymous_5)
FN:60,(anonymous_6)
FN:66,(anonymous_7)
FN:70,(anonymous_8)
FN:74,(anonymous_9)
FN:77,(anonymous_10)
FN:114,(anonymous_11)
FN:160,(anonymous_12)
FN:184,(anonymous_13)
FN:195,(anonymous_14)
FNF:15
FNH:0
FNDA:0,(anonymous_0)
FNDA:0,(anonymous_1)
FNDA:0,(anonymous_2)
FNDA:0,hydrateMemories
FNDA:0,(anonymous_4)
FNDA:0,(anonymous_5)
FNDA:0,(anonymous_6)
FNDA:0,(anonymous_7)
FNDA:0,(anonymous_8)
FNDA:0,(anonymous_9)
FNDA:0,(anonymous_10)
FNDA:0,(anonymous_11)
FNDA:0,(anonymous_12)
FNDA:0,(anonymous_13)
FNDA:0,(anonymous_14)
DA:22,0
DA:23,0
DA:24,0
DA:25,0
DA:26,0
DA:27,0
DA:28,0
DA:31,0
DA:33,0
DA:34,0
DA:37,0
DA:38,0
DA:39,0
DA:40,0
DA:41,0
DA:48,0
DA:50,0
DA:51,0
DA:56,0
DA:59,0
DA:61,0
DA:66,0
DA:67,0
DA:70,0
DA:71,0
DA:74,0
DA:75,0
DA:77,0
DA:115,0
DA:132,0
DA:160,0
DA:184,0
DA:195,0
DA:246,0
LF:34
LH:0
BRDA:40,0,0,0
BRDA:40,0,1,0
BRDA:56,1,0,0
BRDA:56,1,1,0
BRDA:59,2,0,0
BRDA:59,2,1,0
BRDA:83,3,0,0
BRDA:83,3,1,0
BRDA:95,4,0,0
BRDA:95,4,1,0
BRDA:97,5,0,0
BRDA:97,5,1,0
BRDA:105,6,0,0
BRDA:105,6,1,0
BRDA:135,7,0,0
BRDA:135,7,1,0
BRDA:149,8,0,0
BRDA:149,8,1,0
BRDA:150,9,0,0
BRDA:150,9,1,0
BRDA:157,10,0,0
BRDA:157,10,1,0
BRDA:168,11,0,0
BRDA:168,11,1,0
BRDA:171,12,0,0
BRDA:171,12,1,0
BRDA:200,13,0,0
BRDA:200,13,1,0
BRDA:220,14,0,0
BRDA:220,14,1,0
BRDA:223,15,0,0
BRDA:223,15,1,0
BRDA:234,16,0,0
BRDA:234,16,1,0
BRF:34
BRH:0
end_of_record
TN:
SF:services\api.js
FN:4,getApiKey
FN:16,extractTextFromResponse
FN:19,(anonymous_2)
FN:30,generateGeminiContent
FN:63,generateGeminiImageSummary
FNF:5
FNH:0
FNDA:0,getApiKey
FNDA:0,extractTextFromResponse
FNDA:0,(anonymous_2)
FNDA:0,generateGeminiContent
FNDA:0,generateGeminiImageSummary
DA:2,0
DA:5,0
DA:7,0
DA:8,0
DA:13,0
DA:17,0
DA:18,0
DA:19,0
DA:23,0
DA:24,0
DA:27,0
DA:31,0
DA:33,0
DA:48,0
DA:50,0
DA:51,0
DA:52,0
DA:55,0
DA:57,0
DA:67,0
DA:69,0
DA:94,0
DA:96,0
DA:98,0
DA:99,0
DA:102,0
LF:26
LH:0
BRDA:7,0,0,0
BRDA:7,0,1,0
BRDA:17,1,0,0
BRDA:17,1,1,0
BRDA:19,2,0,0
BRDA:19,2,1,0
BRDA:23,3,0,0
BRDA:23,3,1,0
BRDA:50,4,0,0
BRDA:50,4,1,0
BRDA:51,5,0,0
BRDA:51,5,1,0
BRDA:65,6,0,0
BRDA:96,7,0,0
BRDA:96,7,1,0
BRDA:98,8,0,0
BRDA:98,8,1,0
BRF:17
BRH:0
end_of_record
TN:
SF:services\appStorage.js
FN:11,getMinimalAppData
FN:28,setMinimalAppData
FN:37,updateAfterMemorySaved
FN:45,clearMinimalAppData
FNF:4
FNH:0
FNDA:0,getMinimalAppData
FNDA:0,setMinimalAppData
FNDA:0,updateAfterMemorySaved
FNDA:0,clearMinimalAppData
DA:3,0
DA:5,0
DA:12,0
DA:13,0
DA:14,0
DA:15,0
DA:18,0
DA:19,0
DA:24,0
DA:29,0
DA:33,0
DA:34,0
DA:38,0
DA:46,0
LF:14
LH:0
BRDA:14,0,0,0
BRDA:14,0,1,0
BRDA:21,1,0,0
BRDA:21,1,1,0
BRDA:31,2,0,0
BRDA:31,2,1,0
BRDA:39,3,0,0
BRDA:39,3,1,0
BRDA:41,4,0,0
BRDA:41,4,1,0
BRF:10
BRH:0
end_of_record
TN:
SF:services\memorySqlite.js
FN:5,(anonymous_0)
FN:18,(anonymous_1)
FN:29,initMemoryTable
FN:47,(anonymous_3)
FN:58,insertMemory
FN:75,getAllMemories
FN:84,clearMemoriesTable
FNF:7
FNH:0
FNDA:0,(anonymous_0)
FNDA:0,(anonymous_1)
FNDA:0,initMemoryTable
FNDA:0,(anonymous_3)
FNDA:0,insertMemory
FNDA:0,getAllMemories
FNDA:0,clearMemoriesTable
DA:3,0
DA:5,0
DA:6,0
DA:7,0
DA:10,0
DA:11,0
DA:12,0
DA:14,0
DA:18,0
DA:30,0
DA:32,0
DA:45,0
DA:46,0
DA:47,0
DA:48,0
DA:49,0
DA:52,0
DA:55,0
DA:59,0
DA:60,0
DA:76,0
DA:77,0
DA:81,0
DA:85,0
DA:86,0
LF:25
LH:0
BRDA:6,0,0,0
BRDA:6,0,1,0
BRDA:12,1,0,0
BRDA:12,1,1,0
BRDA:48,2,0,0
BRDA:48,2,1,0
BRDA:65,3,0,0
BRDA:65,3,1,0
BRDA:66,4,0,0
BRDA:66,4,1,0
BRDA:67,5,0,0
BRDA:67,5,1,0
BRDA:68,6,0,0
BRDA:68,6,1,0
BRDA:69,7,0,0
BRDA:69,7,1,0
BRDA:71,8,0,0
BRDA:71,8,1,0
BRF:18
BRH:0
end_of_record
